<?xml version="1.0" encoding="UTF-8"?>
<testsuites>
  <testsuite name="" tests="1" assertions="1" errors="0" warnings="0" failures="0" skipped="0" time="0.117480">
    <testsuite name="VendorName Test Suite" tests="1" assertions="1" errors="0" warnings="0" failures="0" skipped="0" time="0.117480">
      <testsuite name="Modules\ExtraField\Tests\Unit\ExtraFieldTest" file="C:\var\www\_bases\_modules\module_extrafield\Tests\Unit\ExtraFieldTest.php" tests="1" assertions="1" errors="0" warnings="0" failures="0" skipped="0" time="0.117480">
        <testcase name="testExample" class="Modules\ExtraField\Tests\Unit\ExtraFieldTest" classname="Modules.ExtraField.Tests.Unit.ExtraFieldTest" file="C:\var\www\_bases\_modules\module_extrafield\Tests\Unit\ExtraFieldTest.php" line="23" assertions="1" time="0.117480"/>
      </testsuite>
    </testsuite>
  </testsuite>
</testsuites>
